========================================================================================
                                         BASTA                                         
                             The BAyesian STellar Algorithm                             

                                     Version 1.5.3                                     

                                (c) 2024, The BASTA Team                                
                           https://github.com/BASTAcode/BASTA                           
========================================================================================

Run started on 2025-05-16 14:36:38 . 

Random numbers initialised with seed: 2465 .

Fitting star id: 9635649 .
* Using the grid '/Users/johanneshj/Documents/Teaching/BASTA/grids/Garstec_validation.hdf5' of type 'sobol tracks'.
  - Grid built with BASTA version 0.29, timestamp: 2021-08-24 at 18:19:31.

Transforming solar-based asteroseismic quantities:
* Converting to solar units if needed...
* Scaling dnu to the solar model in the grid (path: solar_models/suncal_as09_opal) ...
Done!

Fitting information:
* Fitting parameters with values and uncertainties:
  - Teff: [4928.0, 90.0]
  - FeH: [0.036, 0.05]
  - logg: [3.226, 0.009]

Additional input parameters and settings in alphabetical order:
* asciiparams: ['Teff', 'FeH', 'logg', 'radPhot', 'massfin', 'age']
* centroid: median
* cornerplots: ['Teff', 'FeH', 'logg', 'radPhot', 'massfin', 'age']
* dnu_scales: {}
* dnusun: 135.1
* freqplots: [True]
* inputfile: input_KIC9635649.xml
* kielplots: []
* nameinplot: 0
* numsun: 3090.0
* output: output/myfit/
* plotfmt: png
* solarmodel: True
* uncert: quantiles

Weights and priors:
* Bayesian weights:
  - Along tracks: age
  - Between tracks: massini, FeHini
* Flat, constrained priors and ranges:
  - Teff: [4658.0, 5198.0]
  - FeH: [-0.214, 0.286]
  - logg: [3.199, 3.253]
* Additional priors (IMF): 


Computing likelihood of models in the grid (2893 tracks) ...
Done! Computed the likelihood of 12681 models, found 12681 models with non-zero likelihood!


*****************************************
**                                     **
**   Output and results from the fit   **
**                                     **
*****************************************


Highest likelihood model:
* Weighted, non-normalized log-probability: -13.954565833859332
* Grid-index: grid/tracks/track2041[278], with parameters:
  - Name: track2041-2190.fgong
  - Teff      :  4858.555948 
  - FeH       :     0.016618 
  - logg      :     3.225906 
  - radPhot   :     4.491684 
  - massfin   :     1.236791 
  - age       :  5179.916321 

Lowest chi2 model:
* chi2: 0.04668954182315949
* Grid-index: grid/tracks/track2517[274], with parameters:
  - Name: track2517-1895.fgong
  - Teff      :  4910.935056 
  - FeH       :     0.030826 
  - logg      :     3.226049 
  - radPhot   :     4.928895 
  - massfin   :     1.489773 
  - age       :  2665.164736 


Computing posterior distributions for the requested output parameters!
==> Summary statistics printed below ...

-----------------------------------------------------
median     Teff          :   4860.842528
err_plus   Teff          :     43.613085
err_minus  Teff          :     53.907799
-----------------------------------------------------
median     FeH           :      0.026997
err_plus   FeH           :      0.046209
err_minus  FeH           :      0.049725
-----------------------------------------------------
median     logg          :      3.226245
err_plus   logg          :      0.009063
err_minus  logg          :      0.008730
-----------------------------------------------------
median     radPhot       :      4.570972
err_plus   radPhot       :      0.264814
err_minus  radPhot       :      0.359449
-----------------------------------------------------
median     massfin       :      1.281800
err_plus   massfin       :      0.153968
err_minus  massfin       :      0.191968
-----------------------------------------------------
median     age           :   4545.141413
err_plus   age           :   3812.157383
err_minus  age           :   1484.033700
-----------------------------------------------------

Saved results to output/myfit/results.ascii.
Saved corner plot to output/myfit/9635649_corner.png.
Did not get any frequency file input, skipping ratios and echelle plots.
Saved dictionary to output/myfit/9635649.json

Finished on 2025-05-16 14:36:43 (runtime 5.0 s).

========================================================================================
                                         BASTA                                         
                             The BAyesian STellar Algorithm                             

                                     Version 1.5.3                                     

                                (c) 2024, The BASTA Team                                
                           https://github.com/BASTAcode/BASTA                           
========================================================================================

Run started on 2025-05-16 15:14:41 . 

Random numbers initialised with seed: 504 .

Fitting star id: 9635649 .
* Using the grid '/Users/johanneshj/Documents/Teaching/BASTA/grids/Garstec_validation.hdf5' of type 'sobol tracks'.
  - Grid built with BASTA version 0.29, timestamp: 2021-08-24 at 18:19:31.

Transforming solar-based asteroseismic quantities:
* Converting to solar units if needed...
  - numax converted from 204.12 microHz to 0.066058 solar units (solar value: 3090.000000 microHz)
  - dnu converted from 15.50 microHz to 0.114730 solar units (solar value: 135.100000 microHz)
* Scaling dnu to the solar model in the grid (path: solar_models/suncal_as09_opal) ...
Done!

Fitting information:
* Fitting parameters with values and uncertainties:
  - Teff: [4928.0, 90.0]
  - FeH: [0.036, 0.05]
  - logg: [3.226, 0.009]
  - numax (solar units): [0.06605825242718447, 0.0013333333333333333]
  - dnu: [0.11472982975573649, 0.004071058475203553]

Additional input parameters and settings in alphabetical order:
* asciiparams: ['Teff', 'FeH', 'logg', 'radPhot', 'massfin', 'age']
* centroid: median
* cornerplots: ['Teff', 'FeH', 'logg', 'radPhot', 'massfin', 'age']
* dnu_scales: {}
* dnusun: 135.1
* freqplots: [True]
* inputfile: input_KIC9635649.xml
* kielplots: []
* nameinplot: 0
* numsun: 3090.0
* output: output/myfit/
* plotfmt: png
* solarmodel: True
* uncert: quantiles

Weights and priors:
* Bayesian weights:
  - Along tracks: age
  - Between tracks: massini, FeHini
* Flat, constrained priors and ranges:
  - Teff: [4658.0, 5198.0]
  - FeH: [-0.214, 0.286]
  - logg: [3.199, 3.253]
* Additional priors (IMF): 


Computing likelihood of models in the grid (2893 tracks) ...
BASTA failed for star 9635649 with the error:
Traceback (most recent call last):
  File "/Users/johanneshj/.pyenv/versions/3.12.0/envs/venv_basta/lib/python3.12/site-packages/basta/xml_run.py", line 922, in run_xml
    BASTA(
  File "/Users/johanneshj/.pyenv/versions/3.12.0/envs/venv_basta/lib/python3.12/site-packages/basta/bastamain.py", line 376, in BASTA
    paramvals = libitem[param][index]
                ~~~~~~~^^^^^^^
  File "h5py/_objects.pyx", line 54, in h5py._objects.with_phil.wrapper
  File "h5py/_objects.pyx", line 55, in h5py._objects.with_phil.wrapper
  File "/Users/johanneshj/.pyenv/versions/3.12.0/envs/venv_basta/lib/python3.12/site-packages/h5py/_hl/group.py", line 360, in __getitem__
    oid = h5o.open(self.id, self._e(name), lapl=self._lapl)
          ^^^^^^^^^^^^^^^^^^^^^^^^^^^^^^^^^^^^^^^^^^^^^^^^^
  File "h5py/_objects.pyx", line 54, in h5py._objects.with_phil.wrapper
  File "h5py/_objects.pyx", line 55, in h5py._objects.with_phil.wrapper
  File "h5py/h5o.pyx", line 257, in h5py.h5o.open
KeyError: "Unable to synchronously open object (object 'dnu' doesn't exist)"

Saved results to output/myfit/results.ascii.
========================================================================================
                                         BASTA                                         
                             The BAyesian STellar Algorithm                             

                                     Version 1.5.3                                     

                                (c) 2024, The BASTA Team                                
                           https://github.com/BASTAcode/BASTA                           
========================================================================================

Run started on 2025-05-16 15:15:19 . 

Random numbers initialised with seed: 4466 .

Fitting star id: 9635649 .
* Using the grid '/Users/johanneshj/Documents/Teaching/BASTA/grids/Garstec_validation.hdf5' of type 'sobol tracks'.
  - Grid built with BASTA version 0.29, timestamp: 2021-08-24 at 18:19:31.

Transforming solar-based asteroseismic quantities:
* Converting to solar units if needed...
  - numax converted from 204.12 microHz to 0.066058 solar units (solar value: 3090.000000 microHz)
  - dnu converted from 15.50 microHz to 0.114730 solar units (solar value: 135.100000 microHz)
* Scaling dnu to the solar model in the grid (path: solar_models/suncal_as09_opal) ...
Done!

Fitting information:
* Fitting parameters with values and uncertainties:
  - Teff: [4928.0, 90.0]
  - FeH: [0.036, 0.05]
  - logg: [3.226, 0.009]
  - numax (solar units): [0.06605825242718447, 0.0013333333333333333]
  - dnu: [0.11472982975573649, 0.004071058475203553]

Additional input parameters and settings in alphabetical order:
* asciiparams: ['Teff', 'FeH', 'logg', 'radPhot', 'massfin', 'age']
* centroid: median
* cornerplots: ['Teff', 'FeH', 'logg', 'radPhot', 'massfin', 'age']
* dnu_scales: {}
* dnusun: 135.1
* freqplots: [True]
* inputfile: input_KIC9635649.xml
* kielplots: []
* nameinplot: 0
* numsun: 3090.0
* output: output/myfit/
* plotfmt: png
* solarmodel: True
* uncert: quantiles

Weights and priors:
* Bayesian weights:
  - Along tracks: age
  - Between tracks: massini, FeHini
* Flat, constrained priors and ranges:
  - Teff: [4658.0, 5198.0]
  - FeH: [-0.214, 0.286]
  - logg: [3.199, 3.253]
* Additional priors (IMF): 


Computing likelihood of models in the grid (2893 tracks) ...
BASTA failed for star 9635649 with the error:
Traceback (most recent call last):
  File "/Users/johanneshj/.pyenv/versions/3.12.0/envs/venv_basta/lib/python3.12/site-packages/basta/xml_run.py", line 922, in run_xml
    BASTA(
  File "/Users/johanneshj/.pyenv/versions/3.12.0/envs/venv_basta/lib/python3.12/site-packages/basta/bastamain.py", line 376, in BASTA
    paramvals = libitem[param][index]
                ~~~~~~~^^^^^^^
  File "h5py/_objects.pyx", line 54, in h5py._objects.with_phil.wrapper
  File "h5py/_objects.pyx", line 55, in h5py._objects.with_phil.wrapper
  File "/Users/johanneshj/.pyenv/versions/3.12.0/envs/venv_basta/lib/python3.12/site-packages/h5py/_hl/group.py", line 360, in __getitem__
    oid = h5o.open(self.id, self._e(name), lapl=self._lapl)
          ^^^^^^^^^^^^^^^^^^^^^^^^^^^^^^^^^^^^^^^^^^^^^^^^^
  File "h5py/_objects.pyx", line 54, in h5py._objects.with_phil.wrapper
  File "h5py/_objects.pyx", line 55, in h5py._objects.with_phil.wrapper
  File "h5py/h5o.pyx", line 257, in h5py.h5o.open
KeyError: "Unable to synchronously open object (object 'dnu' doesn't exist)"

Saved results to output/myfit/results.ascii.
========================================================================================
                                         BASTA                                         
                             The BAyesian STellar Algorithm                             

                                     Version 1.5.3                                     

                                (c) 2024, The BASTA Team                                
                           https://github.com/BASTAcode/BASTA                           
========================================================================================

Run started on 2025-05-16 15:15:29 . 

Random numbers initialised with seed: 3388 .

Fitting star id: 9635649 .
* Using the grid '/Users/johanneshj/Documents/Teaching/BASTA/grids/Garstec_validation.hdf5' of type 'sobol tracks'.
  - Grid built with BASTA version 0.29, timestamp: 2021-08-24 at 18:19:31.

Transforming solar-based asteroseismic quantities:
* Converting to solar units if needed...
  - numax converted from 204.12 microHz to 0.066058 solar units (solar value: 3090.000000 microHz)
* Scaling dnu to the solar model in the grid (path: solar_models/suncal_as09_opal) ...
Done!

Fitting information:
* Fitting parameters with values and uncertainties:
  - Teff: [4928.0, 90.0]
  - FeH: [0.036, 0.05]
  - logg: [3.226, 0.009]
  - numax (solar units): [0.06605825242718447, 0.0013333333333333333]

Additional input parameters and settings in alphabetical order:
* asciiparams: ['Teff', 'FeH', 'logg', 'radPhot', 'massfin', 'age']
* centroid: median
* cornerplots: ['Teff', 'FeH', 'logg', 'radPhot', 'massfin', 'age']
* dnu_scales: {}
* dnusun: 135.1
* freqplots: [True]
* inputfile: input_KIC9635649.xml
* kielplots: []
* nameinplot: 0
* numsun: 3090.0
* output: output/myfit/
* plotfmt: png
* solarmodel: True
* uncert: quantiles

Weights and priors:
* Bayesian weights:
  - Along tracks: age
  - Between tracks: massini, FeHini
* Flat, constrained priors and ranges:
  - Teff: [4658.0, 5198.0]
  - FeH: [-0.214, 0.286]
  - logg: [3.199, 3.253]
* Additional priors (IMF): 


Computing likelihood of models in the grid (2893 tracks) ...
Done! Computed the likelihood of 12681 models, found 12681 models with non-zero likelihood!


*****************************************
**                                     **
**   Output and results from the fit   **
**                                     **
*****************************************


Highest likelihood model:
* Weighted, non-normalized log-probability: -14.165077977494736
* Grid-index: grid/tracks/track2041[279], with parameters:
  - Name: track2041-2195.fgong
  - Teff      :  4856.690757 
  - FeH       :     0.016712 
  - logg      :     3.220692 
  - radPhot   :     4.518726 
  - massfin   :     1.236790 
  - age       :  5181.630543 

Lowest chi2 model:
* chi2: 0.200991284328937
* Grid-index: grid/tracks/track1845[279], with parameters:
  - Name: track1845-1911.fgong
  - Teff      :  4908.404679 
  - FeH       :     0.026368 
  - logg      :     3.225029 
  - radPhot   :     4.899783 
  - massfin   :     1.468773 
  - age       :  2794.938068 


Computing posterior distributions for the requested output parameters!
==> Summary statistics printed below ...

-----------------------------------------------------
median     Teff          :   4867.521469
err_plus   Teff          :     39.098200
err_minus  Teff          :     53.995757
-----------------------------------------------------
median     FeH           :      0.023497
err_plus   FeH           :      0.045868
err_minus  FeH           :      0.048180
-----------------------------------------------------
median     logg          :      3.223196
err_plus   logg          :      0.006463
err_minus  logg          :      0.006451
-----------------------------------------------------
median     radPhot       :      4.627944
err_plus   radPhot       :      0.232073
err_minus  radPhot       :      0.356788
-----------------------------------------------------
median     massfin       :      1.306789
err_plus   massfin       :      0.133983
err_minus  massfin       :      0.195968
-----------------------------------------------------
median     age           :   4249.197456
err_plus   age           :   3457.189518
err_minus  age           :   1258.808344
-----------------------------------------------------

Saved results to output/myfit/results.ascii.
Saved corner plot to output/myfit/9635649_corner.png.
Did not get any frequency file input, skipping ratios and echelle plots.
Saved dictionary to output/myfit/9635649.json

Finished on 2025-05-16 15:15:33 (runtime 4.0 s).

========================================================================================
                                         BASTA                                         
                             The BAyesian STellar Algorithm                             

                                     Version 1.5.3                                     

                                (c) 2024, The BASTA Team                                
                           https://github.com/BASTAcode/BASTA                           
========================================================================================

Run started on 2025-05-16 15:17:37 . 

Random numbers initialised with seed: 2065 .

Fitting star id: 9635649 .
* Using the grid '/Users/johanneshj/Documents/Teaching/BASTA/grids/Garstec_validation.hdf5' of type 'sobol tracks'.
  - Grid built with BASTA version 0.29, timestamp: 2021-08-24 at 18:19:31.

Transforming solar-based asteroseismic quantities:
* Converting to solar units if needed...
  - dnu converted from 15.50 microHz to 0.114730 solar units (solar value: 135.100000 microHz)
  - numax converted from 204.12 microHz to 0.066058 solar units (solar value: 3090.000000 microHz)
* Scaling dnu to the solar model in the grid (path: solar_models/suncal_as09_opal) ...
Done!

Fitting information:
* Fitting parameters with values and uncertainties:
  - Teff: [4928.0, 90.0]
  - FeH: [0.036, 0.05]
  - logg: [3.226, 0.009]
  - dnu: [0.11472982975573649, 0.004071058475203553]
  - numax (solar units): [0.06605825242718447, 0.0013333333333333333]

Additional input parameters and settings in alphabetical order:
* asciiparams: ['Teff', 'FeH', 'logg', 'radPhot', 'massfin', 'age']
* centroid: median
* cornerplots: ['Teff', 'FeH', 'logg', 'radPhot', 'massfin', 'age']
* dnu_scales: {}
* dnusun: 135.1
* freqplots: [True]
* inputfile: input_KIC9635649.xml
* kielplots: []
* nameinplot: 0
* numsun: 3090.0
* output: output/myfit/
* plotfmt: png
* solarmodel: True
* uncert: quantiles

Weights and priors:
* Bayesian weights:
  - Along tracks: age
  - Between tracks: massini, FeHini
* Flat, constrained priors and ranges:
  - Teff: [4658.0, 5198.0]
  - FeH: [-0.214, 0.286]
  - logg: [3.199, 3.253]
* Additional priors (IMF): 


Computing likelihood of models in the grid (2893 tracks) ...
BASTA failed for star 9635649 with the error:
Traceback (most recent call last):
  File "/Users/johanneshj/.pyenv/versions/3.12.0/envs/venv_basta/lib/python3.12/site-packages/basta/xml_run.py", line 922, in run_xml
    BASTA(
  File "/Users/johanneshj/.pyenv/versions/3.12.0/envs/venv_basta/lib/python3.12/site-packages/basta/bastamain.py", line 376, in BASTA
    paramvals = libitem[param][index]
                ~~~~~~~^^^^^^^
  File "h5py/_objects.pyx", line 54, in h5py._objects.with_phil.wrapper
  File "h5py/_objects.pyx", line 55, in h5py._objects.with_phil.wrapper
  File "/Users/johanneshj/.pyenv/versions/3.12.0/envs/venv_basta/lib/python3.12/site-packages/h5py/_hl/group.py", line 360, in __getitem__
    oid = h5o.open(self.id, self._e(name), lapl=self._lapl)
          ^^^^^^^^^^^^^^^^^^^^^^^^^^^^^^^^^^^^^^^^^^^^^^^^^
  File "h5py/_objects.pyx", line 54, in h5py._objects.with_phil.wrapper
  File "h5py/_objects.pyx", line 55, in h5py._objects.with_phil.wrapper
  File "h5py/h5o.pyx", line 257, in h5py.h5o.open
KeyError: "Unable to synchronously open object (object 'dnu' doesn't exist)"

Saved results to output/myfit/results.ascii.
========================================================================================
                                         BASTA                                         
                             The BAyesian STellar Algorithm                             

                                     Version 1.5.3                                     

                                (c) 2024, The BASTA Team                                
                           https://github.com/BASTAcode/BASTA                           
========================================================================================

Run started on 2025-05-16 15:17:50 . 

Random numbers initialised with seed: 1677 .

Fitting star id: 9635649 .
* Using the grid '/Users/johanneshj/Documents/Teaching/BASTA/grids/Garstec_validation.hdf5' of type 'sobol tracks'.
  - Grid built with BASTA version 0.29, timestamp: 2021-08-24 at 18:19:31.

Transforming solar-based asteroseismic quantities:
* Converting to solar units if needed...
  - numax converted from 204.12 microHz to 0.066058 solar units (solar value: 3090.000000 microHz)
* Scaling dnu to the solar model in the grid (path: solar_models/suncal_as09_opal) ...
  - dnufit scaled by 1.0082 from 15.50 to 15.63 microHz (grid Sun: 136.21 microHz, real Sun: 135.10 microHz)
    (Note: Will be scaled back before outputting results!)
Done!

Fitting information:
* Fitting parameters with values and uncertainties:
  - Teff: [4928.0, 90.0]
  - FeH: [0.036, 0.05]
  - logg: [3.226, 0.009]
  - dnufit: [15.627183539608822, 0.5545129643087002]
  - numax (solar units): [0.06605825242718447, 0.0013333333333333333]

Additional input parameters and settings in alphabetical order:
* asciiparams: ['Teff', 'FeH', 'logg', 'radPhot', 'massfin', 'age']
* centroid: median
* cornerplots: ['Teff', 'FeH', 'logg', 'radPhot', 'massfin', 'age']
* dnu_scales: {'dnufit': 1.008205389652182}
* dnusun: 135.1
* freqplots: [True]
* inputfile: input_KIC9635649.xml
* kielplots: []
* nameinplot: 0
* numsun: 3090.0
* output: output/myfit/
* plotfmt: png
* solarmodel: True
* uncert: quantiles

Weights and priors:
* Bayesian weights:
  - Along tracks: age
  - Between tracks: massini, FeHini
* Flat, constrained priors and ranges:
  - Teff: [4658.0, 5198.0]
  - FeH: [-0.214, 0.286]
  - logg: [3.199, 3.253]
* Additional priors (IMF): 


Computing likelihood of models in the grid (2893 tracks) ...
Done! Computed the likelihood of 12681 models, found 12681 models with non-zero likelihood!


*****************************************
**                                     **
**   Output and results from the fit   **
**                                     **
*****************************************


Highest likelihood model:
* Weighted, non-normalized log-probability: -14.181217976555294
* Grid-index: grid/tracks/track2041[279], with parameters:
  - Name: track2041-2195.fgong
  - Teff      :  4856.690757 
  - FeH       :     0.016712 
  - logg      :     3.220692 
  - radPhot   :     4.518726 
  - massfin   :     1.236790 
  - age       :  5181.630543 

Lowest chi2 model:
* chi2: 0.8398483380732455
* Grid-index: grid/tracks/track2601[284], with parameters:
  - Name: track2601-2093.fgong
  - Teff      :  4870.710553 
  - FeH       :     0.029466 
  - logg      :     3.224529 
  - radPhot   :     4.640257 
  - massfin   :     1.315786 
  - age       :  4167.835878 


Computing posterior distributions for the requested output parameters!
==> Summary statistics printed below ...

-----------------------------------------------------
median     Teff          :   4863.124164
err_plus   Teff          :     40.813949
err_minus  Teff          :     43.644009
-----------------------------------------------------
median     FeH           :      0.023829
err_plus   FeH           :      0.045358
err_minus  FeH           :      0.047959
-----------------------------------------------------
median     logg          :      3.223541
err_plus   logg          :      0.006364
err_minus  logg          :      0.006410
-----------------------------------------------------
median     radPhot       :      4.591034
err_plus   radPhot       :      0.218634
err_minus  radPhot       :      0.263722
-----------------------------------------------------
median     massfin       :      1.282788
err_plus   massfin       :      0.131986
err_minus  massfin       :      0.144981
-----------------------------------------------------
median     age           :   4519.713964
err_plus   age           :   2508.064857
err_minus  age           :   1320.544446
-----------------------------------------------------

Saved results to output/myfit/results.ascii.
Saved corner plot to output/myfit/9635649_corner.png.
Did not get any frequency file input, skipping ratios and echelle plots.
Saved dictionary to output/myfit/9635649.json

Finished on 2025-05-16 15:17:52 (runtime 2.0 s).

========================================================================================
                                         BASTA                                         
                             The BAyesian STellar Algorithm                             

                                     Version 1.5.3                                     

                                (c) 2024, The BASTA Team                                
                           https://github.com/BASTAcode/BASTA                           
========================================================================================

Run started on 2025-05-16 15:18:32 . 

Random numbers initialised with seed: 4515 .

Fitting star id: 9635649 .
* Using the grid '/Users/johanneshj/Documents/Teaching/BASTA/grids/Garstec_validation.hdf5' of type 'sobol tracks'.
  - Grid built with BASTA version 0.29, timestamp: 2021-08-24 at 18:19:31.

Transforming solar-based asteroseismic quantities:
* Converting to solar units if needed...
  - numax converted from 204.12 microHz to 0.066058 solar units (solar value: 3090.000000 microHz)
* Scaling dnu to the solar model in the grid (path: solar_models/suncal_as09_opal) ...
  - dnufit scaled by 1.0082 from 15.50 to 15.63 microHz (grid Sun: 136.21 microHz, real Sun: 135.10 microHz)
    (Note: Will be scaled back before outputting results!)
Done!

Fitting information:
* Fitting parameters with values and uncertainties:
  - Teff: [4928.0, 90.0]
  - FeH: [0.036, 0.05]
  - logg: [3.226, 0.009]
  - dnufit: [15.627183539608822, 0.5545129643087002]
  - numax (solar units): [0.06605825242718447, 0.0013333333333333333]

Additional input parameters and settings in alphabetical order:
* asciiparams: ['Teff', 'FeH', 'logg', 'radPhot', 'massfin', 'age']
* centroid: median
* cornerplots: ['Teff', 'FeH', 'logg', 'radPhot', 'massfin', 'age']
* dnu_scales: {'dnufit': 1.008205389652182}
* dnusun: 135.1
* freqplots: [True]
* inputfile: input_KIC9635649.xml
* kielplots: []
* nameinplot: 0
* numsun: 3090.0
* output: output/myfit/
* plotfmt: png
* solarmodel: True
* uncert: quantiles

Weights and priors:
* Bayesian weights:
  - Along tracks: age
  - Between tracks: massini, FeHini
* Flat, constrained priors and ranges:
  - Teff: [4658.0, 5198.0]
  - FeH: [-0.214, 0.286]
  - logg: [3.199, 3.253]
* Additional priors (IMF): 


Computing likelihood of models in the grid (2893 tracks) ...
Done! Computed the likelihood of 12681 models, found 12681 models with non-zero likelihood!


*****************************************
**                                     **
**   Output and results from the fit   **
**                                     **
*****************************************


Highest likelihood model:
* Weighted, non-normalized log-probability: -14.181217976555294
* Grid-index: grid/tracks/track2041[279], with parameters:
  - Name: track2041-2195.fgong
  - Teff      :  4856.690757 
  - FeH       :     0.016712 
  - logg      :     3.220692 
  - radPhot   :     4.518726 
  - massfin   :     1.236790 
  - age       :  5181.630543 

Lowest chi2 model:
* chi2: 0.8398483380732455
* Grid-index: grid/tracks/track2601[284], with parameters:
  - Name: track2601-2093.fgong
  - Teff      :  4870.710553 
  - FeH       :     0.029466 
  - logg      :     3.224529 
  - radPhot   :     4.640257 
  - massfin   :     1.315786 
  - age       :  4167.835878 


Computing posterior distributions for the requested output parameters!
==> Summary statistics printed below ...

-----------------------------------------------------
median     Teff          :   4863.902290
err_plus   Teff          :     40.366117
err_minus  Teff          :     44.422135
-----------------------------------------------------
median     FeH           :      0.023829
err_plus   FeH           :      0.044796
err_minus  FeH           :      0.048747
-----------------------------------------------------
median     logg          :      3.223524
err_plus   logg          :      0.006473
err_minus  logg          :      0.006551
-----------------------------------------------------
median     radPhot       :      4.592456
err_plus   radPhot       :      0.218292
err_minus  radPhot       :      0.265566
-----------------------------------------------------
median     massfin       :      1.285778
err_plus   massfin       :      0.128996
err_minus  massfin       :      0.147972
-----------------------------------------------------
median     age           :   4489.539865
err_plus   age           :   2576.307615
err_minus  age           :   1305.668939
-----------------------------------------------------

Saved results to output/myfit/results.ascii.
Saved corner plot to output/myfit/9635649_corner.png.
Did not get any frequency file input, skipping ratios and echelle plots.
Saved dictionary to output/myfit/9635649.json

Finished on 2025-05-16 15:18:34 (runtime 2.0 s).

========================================================================================
                                         BASTA                                         
                             The BAyesian STellar Algorithm                             

                                     Version 1.5.3                                     

                                (c) 2024, The BASTA Team                                
                           https://github.com/BASTAcode/BASTA                           
========================================================================================

Run started on 2025-05-16 15:20:12 . 

Random numbers initialised with seed: 679 .

Fitting star id: 9635649 .
* Using the grid '/Users/johanneshj/Documents/Teaching/BASTA/grids/Garstec_validation.hdf5' of type 'sobol tracks'.
  - Grid built with BASTA version 0.29, timestamp: 2021-08-24 at 18:19:31.

Transforming solar-based asteroseismic quantities:
* Converting to solar units if needed...
  - numax converted from 204.12 microHz to 0.066058 solar units (solar value: 3090.000000 microHz)
* Scaling dnu to the solar model in the grid (path: solar_models/suncal_as09_opal) ...
  - dnufit scaled by 1.0082 from 15.50 to 15.63 microHz (grid Sun: 136.21 microHz, real Sun: 135.10 microHz)
    (Note: Will be scaled back before outputting results!)
Done!

Fitting information:
* Fitting parameters with values and uncertainties:
  - Teff: [4928.0, 90.0]
  - FeH: [0.036, 0.05]
  - logg: [3.226, 0.009]
  - dnufit: [15.627183539608822, 0.5545129643087002]
  - numax (solar units): [0.06605825242718447, 0.0013333333333333333]

Additional input parameters and settings in alphabetical order:
* asciiparams: ['radPhot', 'massfin', 'age']
* centroid: median
* cornerplots: ['radPhot', 'massfin', 'age']
* dnu_scales: {'dnufit': 1.008205389652182}
* dnusun: 135.1
* freqplots: [True]
* inputfile: input_KIC9635649.xml
* kielplots: []
* nameinplot: 0
* numsun: 3090.0
* output: output/myfit/
* plotfmt: png
* solarmodel: True
* uncert: quantiles

Weights and priors:
* Bayesian weights:
  - Along tracks: age
  - Between tracks: massini, FeHini
* Flat, constrained priors and ranges:
  - Teff: [4658.0, 5198.0]
  - FeH: [-0.214, 0.286]
  - logg: [3.199, 3.253]
* Additional priors (IMF): 


Computing likelihood of models in the grid (2893 tracks) ...
Done! Computed the likelihood of 12681 models, found 12681 models with non-zero likelihood!


*****************************************
**                                     **
**   Output and results from the fit   **
**                                     **
*****************************************


Highest likelihood model:
* Weighted, non-normalized log-probability: -14.181217976555294
* Grid-index: grid/tracks/track2041[279], with parameters:
  - Name: track2041-2195.fgong
  - radPhot   :     4.518726 
  - massfin   :     1.236790 
  - age       :  5181.630543 

Lowest chi2 model:
* chi2: 0.8398483380732455
* Grid-index: grid/tracks/track2601[284], with parameters:
  - Name: track2601-2093.fgong
  - radPhot   :     4.640257 
  - massfin   :     1.315786 
  - age       :  4167.835878 


Computing posterior distributions for the requested output parameters!
==> Summary statistics printed below ...

-----------------------------------------------------
median     radPhot       :      4.594106
err_plus   radPhot       :      0.217033
err_minus  radPhot       :      0.266706
-----------------------------------------------------
median     massfin       :      1.287786
err_plus   massfin       :      0.128015
err_minus  massfin       :      0.147957
-----------------------------------------------------
median     age           :   4439.904497
err_plus   age           :   2572.456432
err_minus  age           :   1257.421832
-----------------------------------------------------

Saved results to output/myfit/results.ascii.
Saved corner plot to output/myfit/9635649_corner.png.
Did not get any frequency file input, skipping ratios and echelle plots.
Saved dictionary to output/myfit/9635649.json

Finished on 2025-05-16 15:20:14 (runtime 2.0 s).

========================================================================================
                                         BASTA                                         
                             The BAyesian STellar Algorithm                             

                                     Version 1.5.3                                     

                                (c) 2024, The BASTA Team                                
                           https://github.com/BASTAcode/BASTA                           
========================================================================================

Run started on 2025-05-16 15:20:51 . 

Random numbers initialised with seed: 1284 .

Fitting star id: 9635649 .
* Using the grid '/Users/johanneshj/Documents/Teaching/BASTA/grids/Garstec_validation.hdf5' of type 'sobol tracks'.
  - Grid built with BASTA version 0.29, timestamp: 2021-08-24 at 18:19:31.

Transforming solar-based asteroseismic quantities:
* Converting to solar units if needed...
  - numax converted from 204.12 microHz to 0.066058 solar units (solar value: 3090.000000 microHz)
* Scaling dnu to the solar model in the grid (path: solar_models/suncal_as09_opal) ...
  - dnufit scaled by 1.0082 from 15.50 to 15.63 microHz (grid Sun: 136.21 microHz, real Sun: 135.10 microHz)
    (Note: Will be scaled back before outputting results!)
Done!

Fitting information:
* Fitting parameters with values and uncertainties:
  - Teff: [4928.0, 90.0]
  - FeH: [0.036, 0.05]
  - logg: [3.226, 0.009]
  - dnufit: [15.627183539608822, 0.5545129643087002]
  - numax (solar units): [0.06605825242718447, 0.0013333333333333333]

Additional input parameters and settings in alphabetical order:
* asciiparams: ['radPhot', 'massfin', 'age']
* centroid: median
* cornerplots: ['radPhot', 'massfin', 'age']
* dnu_scales: {'dnufit': 1.008205389652182}
* dnusun: 135.1
* freqplots: [True]
* inputfile: input_KIC9635649.xml
* kielplots: []
* nameinplot: 0
* numsun: 3090.0
* output: output/myfit/
* plotfmt: png
* solarmodel: True
* uncert: quantiles

Weights and priors:
* Bayesian weights:
  - Along tracks: age
  - Between tracks: massini, FeHini
* Flat, constrained priors and ranges:
  - Teff: [4658.0, 5198.0]
  - FeH: [-0.214, 0.286]
  - logg: [3.199, 3.253]
* Additional priors (IMF): 


Computing likelihood of models in the grid (2893 tracks) ...
Done! Computed the likelihood of 12681 models, found 12681 models with non-zero likelihood!


*****************************************
**                                     **
**   Output and results from the fit   **
**                                     **
*****************************************


Highest likelihood model:
* Weighted, non-normalized log-probability: -14.181217976555294
* Grid-index: grid/tracks/track2041[279], with parameters:
  - Name: track2041-2195.fgong
  - radPhot   :     4.518726 
  - massfin   :     1.236790 
  - age       :  5181.630543 

Lowest chi2 model:
* chi2: 0.8398483380732455
* Grid-index: grid/tracks/track2601[284], with parameters:
  - Name: track2601-2093.fgong
  - radPhot   :     4.640257 
  - massfin   :     1.315786 
  - age       :  4167.835878 


Computing posterior distributions for the requested output parameters!
==> Summary statistics printed below ...

-----------------------------------------------------
median     radPhot       :      4.594106
err_plus   radPhot       :      0.217076
err_minus  radPhot       :      0.265900
-----------------------------------------------------
median     massfin       :      1.285780
err_plus   massfin       :      0.128994
err_minus  massfin       :      0.145952
-----------------------------------------------------
median     age           :   4483.976980
err_plus   age           :   2541.369663
err_minus  age           :   1300.106054
-----------------------------------------------------

Saved results to output/myfit/results.ascii.
Saved corner plot to output/myfit/9635649_corner.png.
Did not get any frequency file input, skipping ratios and echelle plots.
Saved dictionary to output/myfit/9635649.json

Finished on 2025-05-16 15:20:53 (runtime 2.0 s).

========================================================================================
                                         BASTA                                         
                             The BAyesian STellar Algorithm                             

                                     Version 1.5.3                                     

                                (c) 2024, The BASTA Team                                
                           https://github.com/BASTAcode/BASTA                           
========================================================================================

Run started on 2025-05-16 15:21:03 . 

Random numbers initialised with seed: 3159 .

Fitting star id: 9635649 .
* Using the grid '/Users/johanneshj/Documents/Teaching/BASTA/grids/Garstec_validation.hdf5' of type 'sobol tracks'.
  - Grid built with BASTA version 0.29, timestamp: 2021-08-24 at 18:19:31.

Transforming solar-based asteroseismic quantities:
* Converting to solar units if needed...
  - numax converted from 204.12 microHz to 0.066058 solar units (solar value: 3090.000000 microHz)
* Scaling dnu to the solar model in the grid (path: solar_models/suncal_as09_opal) ...
  - dnufit scaled by 1.0082 from 15.50 to 15.63 microHz (grid Sun: 136.21 microHz, real Sun: 135.10 microHz)
    (Note: Will be scaled back before outputting results!)
Done!

Fitting information:
* Fitting parameters with values and uncertainties:
  - Teff: [4928.0, 90.0]
  - FeH: [0.036, 0.05]
  - logg: [3.226, 0.009]
  - dnufit: [15.627183539608822, 0.5545129643087002]
  - numax (solar units): [0.06605825242718447, 0.0013333333333333333]

Additional input parameters and settings in alphabetical order:
* asciiparams: ['Teff', 'FeH', 'logg', 'dnufit', 'numax', 'radPhot', 'massfin', 'age']
* centroid: median
* cornerplots: ['Teff', 'FeH', 'logg', 'dnufit', 'numax', 'radPhot', 'massfin', 'age']
* dnu_scales: {'dnufit': 1.008205389652182}
* dnusun: 135.1
* freqplots: [True]
* inputfile: input_KIC9635649.xml
* kielplots: [True]
* nameinplot: 0
* numsun: 3090.0
* output: output/myfit/
* plotfmt: png
* solarmodel: True
* uncert: quantiles

Weights and priors:
* Bayesian weights:
  - Along tracks: age
  - Between tracks: massini, FeHini
* Flat, constrained priors and ranges:
  - Teff: [4658.0, 5198.0]
  - FeH: [-0.214, 0.286]
  - logg: [3.199, 3.253]
* Additional priors (IMF): 


Computing likelihood of models in the grid (2893 tracks) ...
Done! Computed the likelihood of 12681 models, found 12681 models with non-zero likelihood!


*****************************************
**                                     **
**   Output and results from the fit   **
**                                     **
*****************************************


Highest likelihood model:
* Weighted, non-normalized log-probability: -14.181217976555294
* Grid-index: grid/tracks/track2041[279], with parameters:
  - Name: track2041-2195.fgong
  - Teff      :  4856.690757 
  - FeH       :     0.016712 
  - logg      :     3.220692 
  - dnufit    :    15.527556 (after rescaling:    15.401184)
  - numax     :     0.066179 (after rescaling:   204.492556)
  - radPhot   :     4.518726 
  - massfin   :     1.236790 
  - age       :  5181.630543 

Lowest chi2 model:
* chi2: 0.8398483380732455
* Grid-index: grid/tracks/track2601[284], with parameters:
  - Name: track2601-2093.fgong
  - Teff      :  4870.710553 
  - FeH       :     0.029466 
  - logg      :     3.224529 
  - dnufit    :    15.391669 (after rescaling:    15.266403)
  - numax     :     0.066670 (after rescaling:   206.010175)
  - radPhot   :     4.640257 
  - massfin   :     1.315786 
  - age       :  4167.835878 


Computing posterior distributions for the requested output parameters!
==> Summary statistics printed below ...

-----------------------------------------------------
median     Teff          :   4864.034774
err_plus   Teff          :     40.551927
err_minus  Teff          :     43.544426
-----------------------------------------------------
median     FeH           :      0.023718
err_plus   FeH           :      0.044819
err_minus  FeH           :      0.047160
-----------------------------------------------------
median     logg          :      3.223450
err_plus   logg          :      0.006385
err_minus  logg          :      0.006192
-----------------------------------------------------
median     dnufit        :     15.337322
err_plus   dnufit        :      0.439398
err_minus  dnufit        :      0.354581
-----------------------------------------------------
median     numax         :    205.681831
err_plus   numax         :      2.909401
err_minus  numax         :      2.806288
-----------------------------------------------------
median     radPhot       :      4.594164
err_plus   radPhot       :      0.222008
err_minus  radPhot       :      0.264738
-----------------------------------------------------
median     massfin       :      1.284771
err_plus   massfin       :      0.133014
err_minus  massfin       :      0.143962
-----------------------------------------------------
median     age           :   4494.432859
err_plus   age           :   2405.431946
err_minus  age           :   1321.956618
-----------------------------------------------------

Saved results to output/myfit/results.ascii.
Saved corner plot to output/myfit/9635649_corner.png.
Saved Kiel diagram to output/myfit/9635649_kiel.png.
Did not get any frequency file input, skipping ratios and echelle plots.
Saved dictionary to output/myfit/9635649.json

Finished on 2025-05-16 15:21:07 (runtime 4.0 s).

