========================================================================================
                                         BASTA                                         
                             The BAyesian STellar Algorithm                             

                                     Version 1.5.3                                     

                                (c) 2024, The BASTA Team                                
                           https://github.com/BASTAcode/BASTA                           
========================================================================================

Run started on 2025-05-16 14:25:19 . 

Random numbers initialised with seed: 3896 .

Fitting star id: 9635649 .
* Using the grid '/Users/johanneshj/Documents/Teaching/BASTA/grids/Garstec_validation.hdf5' of type 'sobol tracks'.
  - Grid built with BASTA version 0.29, timestamp: 2021-08-24 at 18:19:31.

Transforming solar-based asteroseismic quantities:
* Converting to solar units if needed...
* Scaling dnu to the solar model in the grid (path: solar_models/suncal_as09_opal) ...
  - dnufit scaled by 1.0082 from 15.50 to 15.63 microHz (grid Sun: 136.21 microHz, real Sun: 135.10 microHz)
    (Note: Will be scaled back before outputting results!)
Done!

Preparing asteroseismic input ...
Done!

Fitting information:
* Fitting parameters with values and uncertainties:
  - Teff: [4928.0, 90.0]
  - FeH: [0.036, 0.05]
  - logg: [3.226, 0.009]
* Fitting of individual frequencies activated!
  - Automatic prior on dnu: Yes
  - Constraining lowest l = 0 (n = 7) with f = 127.445 +/- 7.468 muHz to within 15.0 % of dnu (2.344 microHz)
  - Correlations: No
  - Frequency input data: data/freqs/9635649.xml
  - Frequency input data (list of ignored modes): None
  - Inclusion of dnu in ratios fit: No
  - Interpolation in ratios: Yes
  - Surface effect correction: BG14
  - Use alternative ratios (3-point): No
  - Value of dnu: 15.627 +/- 0.555 microHz
  - Value of numax: 204.120 microHz
  - Weighting scheme: 1/N

Additional input parameters and settings in alphabetical order:
* asciiparams: ['Teff', 'FeH', 'logg', 'radPhot', 'massfin', 'age']
* centroid: median
* cornerplots: ['Teff', 'FeH', 'logg', 'radPhot', 'massfin', 'age']
* dnu_scales: {'dnufit': 1.008205389652182}
* dnusun: 135.1
* freqplots: [True]
* inputfile: input_KIC9635649.xml
* kielplots: [True]
* nameinplot: 0
* numsun: 3090.0
* output: output/myfit/
* plotfmt: png
* solarmodel: True
* uncert: quantiles

Weights and priors:
* Bayesian weights:
  - Along tracks: age
  - Between tracks: massini, FeHini
* Flat, constrained priors and ranges:
  - Teff: [4658.0, 5198.0]
  - FeH: [-0.214, 0.286]
  - dnufit: [13.283106008667499, 17.971261070550145]
* Additional priors (IMF): 


Computing likelihood of models in the grid (2893 tracks) ...
Done! Computed the likelihood of 3575 models, found 3575 models with non-zero likelihood!


*****************************************
**                                     **
**   Output and results from the fit   **
**                                     **
*****************************************


Highest likelihood model:
* Weighted, non-normalized log-probability: -13.956732275593478
* Grid-index: grid/tracks/track2041[278], with parameters:
  - Name: track2041-2190.fgong
  - Teff      :  4858.555948 
  - FeH       :     0.016618 
  - logg      :     3.225906 
  - radPhot   :     4.491684 
  - massfin   :     1.236791 
  - age       :  5179.916321 

Lowest chi2 model:
* chi2: 0.3328922466104861
* Grid-index: grid/tracks/track0477[288], with parameters:
  - Name: track0477-2042.fgong
  - Teff      :  4881.412114 
  - FeH       :     0.030745 
  - logg      :     3.228079 
  - radPhot   :     4.694507 
  - massfin   :     1.357783 
  - age       :  3720.809571 


Computing posterior distributions for the requested output parameters!
==> Summary statistics printed below ...

-----------------------------------------------------
median     Teff          :   4870.448703
err_plus   Teff          :     34.137998
err_minus  Teff          :     36.450866
-----------------------------------------------------
median     FeH           :      0.027929
err_plus   FeH           :      0.041798
err_minus  FeH           :      0.049156
-----------------------------------------------------
median     logg          :      3.227903
err_plus   logg          :      0.008629
err_minus  logg          :      0.008651
-----------------------------------------------------
median     radPhot       :      4.590318
err_plus   radPhot       :      0.121770
err_minus  radPhot       :      0.125773
-----------------------------------------------------
median     massfin       :      1.294788
err_plus   massfin       :      0.089994
err_minus  massfin       :      0.090932
-----------------------------------------------------
median     age           :   4393.420133
err_plus   age           :   1318.693083
err_minus  age           :    937.077427
-----------------------------------------------------

Saved results to output/myfit/results.ascii.
Saved corner plot to output/myfit/9635649_corner.png.
Kiel diagram failed with the error: The truth value of an empty array is ambiguous. Use `array.size > 0` to check that an array is not empty.
BASTA failed for star 9635649 with the error:
Traceback (most recent call last):
  File "/Users/johanneshj/.pyenv/versions/3.12.0/envs/venv_basta/lib/python3.12/site-packages/basta/xml_run.py", line 922, in run_xml
    BASTA(
  File "/Users/johanneshj/.pyenv/versions/3.12.0/envs/venv_basta/lib/python3.12/site-packages/basta/bastamain.py", line 547, in BASTA
    process_output.compute_posterior(
  File "/Users/johanneshj/.pyenv/versions/3.12.0/envs/venv_basta/lib/python3.12/site-packages/basta/process_output.py", line 590, in compute_posterior
    fig = plot_kiel.kiel(
          ^^^^^^^^^^^^^^^
  File "/Users/johanneshj/.pyenv/versions/3.12.0/envs/venv_basta/lib/python3.12/site-packages/basta/plot_kiel.py", line 490, in kiel
    cl0
ValueError: The truth value of an empty array is ambiguous. Use `array.size > 0` to check that an array is not empty.

Saved results to output/myfit/results.ascii.
========================================================================================
                                         BASTA                                         
                             The BAyesian STellar Algorithm                             

                                     Version 1.5.3                                     

                                (c) 2024, The BASTA Team                                
                           https://github.com/BASTAcode/BASTA                           
========================================================================================

Run started on 2025-05-16 14:25:57 . 

Random numbers initialised with seed: 4695 .

Fitting star id: 9635649 .
* Using the grid '/Users/johanneshj/Documents/Teaching/BASTA/grids/Garstec_validation.hdf5' of type 'sobol tracks'.
  - Grid built with BASTA version 0.29, timestamp: 2021-08-24 at 18:19:31.

Transforming solar-based asteroseismic quantities:
* Converting to solar units if needed...
* Scaling dnu to the solar model in the grid (path: solar_models/suncal_as09_opal) ...
  - dnufit scaled by 1.0082 from 15.50 to 15.63 microHz (grid Sun: 136.21 microHz, real Sun: 135.10 microHz)
    (Note: Will be scaled back before outputting results!)
Done!

Preparing asteroseismic input ...
Done!

Fitting information:
* Fitting parameters with values and uncertainties:
  - Teff: [4928.0, 90.0]
  - FeH: [0.036, 0.05]
  - logg: [3.226, 0.009]
* Fitting of individual frequencies activated!
  - Automatic prior on dnu: Yes
  - Constraining lowest l = 0 (n = 7) with f = 127.445 +/- 7.468 muHz to within 15.0 % of dnu (2.344 microHz)
  - Correlations: No
  - Frequency input data: data/freqs/9635649.xml
  - Frequency input data (list of ignored modes): None
  - Inclusion of dnu in ratios fit: No
  - Interpolation in ratios: Yes
  - Surface effect correction: BG14
  - Use alternative ratios (3-point): No
  - Value of dnu: 15.627 +/- 0.555 microHz
  - Value of numax: 204.120 microHz
  - Weighting scheme: 1/N

Additional input parameters and settings in alphabetical order:
* asciiparams: ['Teff', 'FeH', 'logg', 'radPhot', 'massfin', 'age']
* centroid: median
* cornerplots: ['Teff', 'FeH', 'logg', 'radPhot', 'massfin', 'age']
* dnu_scales: {'dnufit': 1.008205389652182}
* dnusun: 135.1
* freqplots: [True]
* inputfile: input_KIC9635649.xml
* kielplots: [True]
* nameinplot: 0
* numsun: 3090.0
* output: output/myfit/
* plotfmt: png
* solarmodel: True
* uncert: quantiles

Weights and priors:
* Bayesian weights:
  - Along tracks: age
  - Between tracks: massini, FeHini
* Flat, constrained priors and ranges:
  - Teff: [4658.0, 5198.0]
  - FeH: [-0.214, 0.286]
  - dnufit: [13.283106008667499, 17.971261070550145]
* Additional priors (IMF): 


Computing likelihood of models in the grid (2893 tracks) ...
Done! Computed the likelihood of 3575 models, found 3575 models with non-zero likelihood!


*****************************************
**                                     **
**   Output and results from the fit   **
**                                     **
*****************************************


Highest likelihood model:
* Weighted, non-normalized log-probability: -13.956732275593478
* Grid-index: grid/tracks/track2041[278], with parameters:
  - Name: track2041-2190.fgong
  - Teff      :  4858.555948 
  - FeH       :     0.016618 
  - logg      :     3.225906 
  - radPhot   :     4.491684 
  - massfin   :     1.236791 
  - age       :  5179.916321 

Lowest chi2 model:
* chi2: 0.3328922466104861
* Grid-index: grid/tracks/track0477[288], with parameters:
  - Name: track0477-2042.fgong
  - Teff      :  4881.412114 
  - FeH       :     0.030745 
  - logg      :     3.228079 
  - radPhot   :     4.694507 
  - massfin   :     1.357783 
  - age       :  3720.809571 


Computing posterior distributions for the requested output parameters!
==> Summary statistics printed below ...

-----------------------------------------------------
median     Teff          :   4869.314936
err_plus   Teff          :     35.259559
err_minus  Teff          :     37.284480
-----------------------------------------------------
median     FeH           :      0.026925
err_plus   FeH           :      0.046498
err_minus  FeH           :      0.048152
-----------------------------------------------------
median     logg          :      3.227886
err_plus   logg          :      0.008862
err_minus  logg          :      0.009357
-----------------------------------------------------
median     radPhot       :      4.587938
err_plus   radPhot       :      0.120235
err_minus  radPhot       :      0.131097
-----------------------------------------------------
median     massfin       :      1.294787
err_plus   massfin       :      0.088937
err_minus  massfin       :      0.092933
-----------------------------------------------------
median     age           :   4395.045758
err_plus   age           :   1339.801442
err_minus  age           :    914.159131
-----------------------------------------------------

Saved results to output/myfit/results.ascii.
Saved corner plot to output/myfit/9635649_corner.png.
Kiel diagram failed with the error: The truth value of an empty array is ambiguous. Use `array.size > 0` to check that an array is not empty.
BASTA failed for star 9635649 with the error:
Traceback (most recent call last):
  File "/Users/johanneshj/.pyenv/versions/3.12.0/envs/venv_basta/lib/python3.12/site-packages/basta/xml_run.py", line 922, in run_xml
    BASTA(
  File "/Users/johanneshj/.pyenv/versions/3.12.0/envs/venv_basta/lib/python3.12/site-packages/basta/bastamain.py", line 547, in BASTA
    process_output.compute_posterior(
  File "/Users/johanneshj/.pyenv/versions/3.12.0/envs/venv_basta/lib/python3.12/site-packages/basta/process_output.py", line 590, in compute_posterior
    fig = plot_kiel.kiel(
          ^^^^^^^^^^^^^^^
  File "/Users/johanneshj/.pyenv/versions/3.12.0/envs/venv_basta/lib/python3.12/site-packages/basta/plot_kiel.py", line 490, in kiel
    cl0
ValueError: The truth value of an empty array is ambiguous. Use `array.size > 0` to check that an array is not empty.

Saved results to output/myfit/results.ascii.
========================================================================================
                                         BASTA                                         
                             The BAyesian STellar Algorithm                             

                                     Version 1.5.3                                     

                                (c) 2024, The BASTA Team                                
                           https://github.com/BASTAcode/BASTA                           
========================================================================================

Run started on 2025-05-16 14:30:42 . 

Random numbers initialised with seed: 1119 .

Fitting star id: 9635649 .
* Using the grid '/Users/johanneshj/Documents/Teaching/BASTA/grids/Garstec_validation.hdf5' of type 'sobol tracks'.
  - Grid built with BASTA version 0.29, timestamp: 2021-08-24 at 18:19:31.

Transforming solar-based asteroseismic quantities:
* Converting to solar units if needed...
* Scaling dnu to the solar model in the grid (path: solar_models/suncal_as09_opal) ...
  - dnufit scaled by 1.0082 from 15.50 to 15.63 microHz (grid Sun: 136.21 microHz, real Sun: 135.10 microHz)
    (Note: Will be scaled back before outputting results!)
Done!

Preparing asteroseismic input ...
Done!

Fitting information:
* Fitting parameters with values and uncertainties:
  - Teff: [4928.0, 90.0]
  - FeH: [0.036, 0.05]
  - logg: [3.226, 0.009]
* Fitting of individual frequencies activated!
  - Automatic prior on dnu: Yes
  - Constraining lowest l = 0 (n = 7) with f = 127.445 +/- 7.468 muHz to within 15.0 % of dnu (2.344 microHz)
  - Correlations: No
  - Frequency input data: data/freqs/9635649.xml
  - Frequency input data (list of ignored modes): None
  - Inclusion of dnu in ratios fit: No
  - Interpolation in ratios: Yes
  - Surface effect correction: BG14
  - Use alternative ratios (3-point): No
  - Value of dnu: 15.627 +/- 0.555 microHz
  - Value of numax: 204.120 microHz
  - Weighting scheme: 1/N

Additional input parameters and settings in alphabetical order:
* asciiparams: ['Teff', 'FeH', 'logg', 'radPhot', 'massfin', 'age']
* centroid: median
* cornerplots: ['Teff', 'FeH', 'logg', 'radPhot', 'massfin', 'age']
* dnu_scales: {'dnufit': 1.008205389652182}
* dnusun: 135.1
* freqplots: [True]
* inputfile: input_KIC9635649.xml
* kielplots: [True]
* nameinplot: 0
* numsun: 3090.0
* output: output/myfit/
* plotfmt: png
* solarmodel: True
* uncert: quantiles

Weights and priors:
* Bayesian weights:
  - Along tracks: age
  - Between tracks: massini, FeHini
* Flat, constrained priors and ranges:
  - Teff: [4658.0, 5198.0]
  - FeH: [-0.214, 0.286]
  - logg: [3.217, 3.235]
  - dnufit: [13.283106008667499, 17.971261070550145]
* Additional priors (IMF): 


Computing likelihood of models in the grid (2893 tracks) ...
Done! Computed the likelihood of 1112 models, found 1112 models with non-zero likelihood!


*****************************************
**                                     **
**   Output and results from the fit   **
**                                     **
*****************************************


Highest likelihood model:
* Weighted, non-normalized log-probability: -13.956732275593478
* Grid-index: grid/tracks/track2041[278], with parameters:
  - Name: track2041-2190.fgong
  - Teff      :  4858.555948 
  - FeH       :     0.016618 
  - logg      :     3.225906 
  - radPhot   :     4.491684 
  - massfin   :     1.236791 
  - age       :  5179.916321 

Lowest chi2 model:
* chi2: 0.3328922466104861
* Grid-index: grid/tracks/track0477[288], with parameters:
  - Name: track0477-2042.fgong
  - Teff      :  4881.412114 
  - FeH       :     0.030745 
  - logg      :     3.228079 
  - radPhot   :     4.694507 
  - massfin   :     1.357783 
  - age       :  3720.809571 


Computing posterior distributions for the requested output parameters!
==> Summary statistics printed below ...

-----------------------------------------------------
median     Teff          :   4866.429922
err_plus   Teff          :     31.111694
err_minus  Teff          :     32.959497
-----------------------------------------------------
median     FeH           :      0.025365
err_plus   FeH           :      0.048977
err_minus  FeH           :      0.046592
-----------------------------------------------------
median     logg          :      3.226924
err_plus   logg          :      0.005244
err_minus  logg          :      0.005831
-----------------------------------------------------
median     radPhot       :      4.569009
err_plus   radPhot       :      0.113510
err_minus  radPhot       :      0.095715
-----------------------------------------------------
median     massfin       :      1.281799
err_plus   massfin       :      0.073980
err_minus  massfin       :      0.060006
-----------------------------------------------------
median     age           :   4537.291140
err_plus   age           :    936.765566
err_minus  age           :    815.975241
-----------------------------------------------------

Saved results to output/myfit/results.ascii.
Saved corner plot to output/myfit/9635649_corner.png.
Kiel diagram failed with the error: The truth value of an empty array is ambiguous. Use `array.size > 0` to check that an array is not empty.
BASTA failed for star 9635649 with the error:
Traceback (most recent call last):
  File "/Users/johanneshj/.pyenv/versions/3.12.0/envs/venv_basta/lib/python3.12/site-packages/basta/xml_run.py", line 922, in run_xml
    BASTA(
  File "/Users/johanneshj/.pyenv/versions/3.12.0/envs/venv_basta/lib/python3.12/site-packages/basta/bastamain.py", line 547, in BASTA
    process_output.compute_posterior(
  File "/Users/johanneshj/.pyenv/versions/3.12.0/envs/venv_basta/lib/python3.12/site-packages/basta/process_output.py", line 590, in compute_posterior
    fig = plot_kiel.kiel(
          ^^^^^^^^^^^^^^^
  File "/Users/johanneshj/.pyenv/versions/3.12.0/envs/venv_basta/lib/python3.12/site-packages/basta/plot_kiel.py", line 490, in kiel
    cl0
ValueError: The truth value of an empty array is ambiguous. Use `array.size > 0` to check that an array is not empty.

Saved results to output/myfit/results.ascii.
========================================================================================
                                         BASTA                                         
                             The BAyesian STellar Algorithm                             

                                     Version 1.5.3                                     

                                (c) 2024, The BASTA Team                                
                           https://github.com/BASTAcode/BASTA                           
========================================================================================

Run started on 2025-05-16 14:31:30 . 

Random numbers initialised with seed: 741 .

Fitting star id: 9635649 .
* Using the grid '/Users/johanneshj/Documents/Teaching/BASTA/grids/Garstec_validation.hdf5' of type 'sobol tracks'.
  - Grid built with BASTA version 0.29, timestamp: 2021-08-24 at 18:19:31.

Transforming solar-based asteroseismic quantities:
* Converting to solar units if needed...
* Scaling dnu to the solar model in the grid (path: solar_models/suncal_as09_opal) ...
  - dnufit scaled by 1.0082 from 15.50 to 15.63 microHz (grid Sun: 136.21 microHz, real Sun: 135.10 microHz)
    (Note: Will be scaled back before outputting results!)
Done!

Preparing asteroseismic input ...
Done!

Fitting information:
* Fitting parameters with values and uncertainties:
  - Teff: [4928.0, 90.0]
  - FeH: [0.036, 0.05]
  - logg: [3.226, 0.009]
* Fitting of individual frequencies activated!
  - Automatic prior on dnu: Yes
  - Constraining lowest l = 0 (n = 7) with f = 127.445 +/- 7.468 muHz to within 15.0 % of dnu (2.344 microHz)
  - Correlations: No
  - Frequency input data: data/freqs/9635649.xml
  - Frequency input data (list of ignored modes): None
  - Inclusion of dnu in ratios fit: No
  - Interpolation in ratios: Yes
  - Surface effect correction: BG14
  - Use alternative ratios (3-point): No
  - Value of dnu: 15.627 +/- 0.555 microHz
  - Value of numax: 204.120 microHz
  - Weighting scheme: 1/N

Additional input parameters and settings in alphabetical order:
* asciiparams: ['Teff', 'FeH', 'logg', 'radPhot', 'massfin', 'age']
* centroid: median
* cornerplots: ['Teff', 'FeH', 'logg', 'radPhot', 'massfin', 'age']
* dnu_scales: {'dnufit': 1.008205389652182}
* dnusun: 135.1
* freqplots: [True]
* inputfile: input_KIC9635649.xml
* kielplots: [True]
* nameinplot: 0
* numsun: 3090.0
* output: output/myfit/
* plotfmt: png
* solarmodel: True
* uncert: quantiles

Weights and priors:
* Bayesian weights:
  - Along tracks: age
  - Between tracks: massini, FeHini
* Flat, constrained priors and ranges:
  - Teff: [4658.0, 5198.0]
  - FeH: [-0.214, 0.286]
  - logg: [3.199, 3.253]
  - dnufit: [13.283106008667499, 17.971261070550145]
* Additional priors (IMF): 


Computing likelihood of models in the grid (2893 tracks) ...
Done! Computed the likelihood of 2944 models, found 2944 models with non-zero likelihood!


*****************************************
**                                     **
**   Output and results from the fit   **
**                                     **
*****************************************


Highest likelihood model:
* Weighted, non-normalized log-probability: -13.956732275593478
* Grid-index: grid/tracks/track2041[278], with parameters:
  - Name: track2041-2190.fgong
  - Teff      :  4858.555948 
  - FeH       :     0.016618 
  - logg      :     3.225906 
  - radPhot   :     4.491684 
  - massfin   :     1.236791 
  - age       :  5179.916321 

Lowest chi2 model:
* chi2: 0.3328922466104861
* Grid-index: grid/tracks/track0477[288], with parameters:
  - Name: track0477-2042.fgong
  - Teff      :  4881.412114 
  - FeH       :     0.030745 
  - logg      :     3.228079 
  - radPhot   :     4.694507 
  - massfin   :     1.357783 
  - age       :  3720.809571 


Computing posterior distributions for the requested output parameters!
==> Summary statistics printed below ...

-----------------------------------------------------
median     Teff          :   4869.314936
err_plus   Teff          :     34.288671
err_minus  Teff          :     36.317269
-----------------------------------------------------
median     FeH           :      0.028212
err_plus   FeH           :      0.045211
err_minus  FeH           :      0.047498
-----------------------------------------------------
median     logg          :      3.228079
err_plus   logg          :      0.008294
err_minus  logg          :      0.009271
-----------------------------------------------------
median     radPhot       :      4.590318
err_plus   radPhot       :      0.120310
err_minus  radPhot       :      0.135722
-----------------------------------------------------
median     massfin       :      1.296779
err_plus   massfin       :      0.087016
err_minus  massfin       :      0.095980
-----------------------------------------------------
median     age           :   4385.681699
err_plus   age           :   1348.599444
err_minus  age           :    903.049480
-----------------------------------------------------

Saved results to output/myfit/results.ascii.
Saved corner plot to output/myfit/9635649_corner.png.
Kiel diagram failed with the error: The truth value of an empty array is ambiguous. Use `array.size > 0` to check that an array is not empty.
BASTA failed for star 9635649 with the error:
Traceback (most recent call last):
  File "/Users/johanneshj/.pyenv/versions/3.12.0/envs/venv_basta/lib/python3.12/site-packages/basta/xml_run.py", line 922, in run_xml
    BASTA(
  File "/Users/johanneshj/.pyenv/versions/3.12.0/envs/venv_basta/lib/python3.12/site-packages/basta/bastamain.py", line 547, in BASTA
    process_output.compute_posterior(
  File "/Users/johanneshj/.pyenv/versions/3.12.0/envs/venv_basta/lib/python3.12/site-packages/basta/process_output.py", line 590, in compute_posterior
    fig = plot_kiel.kiel(
          ^^^^^^^^^^^^^^^
  File "/Users/johanneshj/.pyenv/versions/3.12.0/envs/venv_basta/lib/python3.12/site-packages/basta/plot_kiel.py", line 490, in kiel
    cl0
ValueError: The truth value of an empty array is ambiguous. Use `array.size > 0` to check that an array is not empty.

Saved results to output/myfit/results.ascii.
========================================================================================
                                         BASTA                                         
                             The BAyesian STellar Algorithm                             

                                     Version 1.5.3                                     

                                (c) 2024, The BASTA Team                                
                           https://github.com/BASTAcode/BASTA                           
========================================================================================

Run started on 2025-05-16 14:32:23 . 

Random numbers initialised with seed: 1291 .

Fitting star id: 9635649 .
* Using the grid '/Users/johanneshj/Documents/Teaching/BASTA/grids/Garstec_validation.hdf5' of type 'sobol tracks'.
  - Grid built with BASTA version 0.29, timestamp: 2021-08-24 at 18:19:31.

Transforming solar-based asteroseismic quantities:
* Converting to solar units if needed...
* Scaling dnu to the solar model in the grid (path: solar_models/suncal_as09_opal) ...
  - dnufit scaled by 1.0082 from 15.50 to 15.63 microHz (grid Sun: 136.21 microHz, real Sun: 135.10 microHz)
    (Note: Will be scaled back before outputting results!)
Done!

Preparing asteroseismic input ...
Done!

Fitting information:
* Fitting parameters with values and uncertainties:
  - Teff: [4928.0, 90.0]
  - FeH: [0.036, 0.05]
  - logg: [3.226, 0.009]
* Fitting of individual frequencies activated!
  - Automatic prior on dnu: Yes
  - Constraining lowest l = 0 (n = 7) with f = 127.445 +/- 7.468 muHz to within 15.0 % of dnu (2.344 microHz)
  - Correlations: No
  - Frequency input data: data/freqs/9635649.xml
  - Frequency input data (list of ignored modes): None
  - Inclusion of dnu in ratios fit: No
  - Interpolation in ratios: Yes
  - Surface effect correction: BG14
  - Use alternative ratios (3-point): No
  - Value of dnu: 15.627 +/- 0.555 microHz
  - Value of numax: 204.120 microHz
  - Weighting scheme: 1/N

Additional input parameters and settings in alphabetical order:
* asciiparams: ['Teff', 'FeH', 'logg', 'radPhot', 'massfin', 'age']
* centroid: median
* cornerplots: ['Teff', 'FeH', 'logg', 'radPhot', 'massfin', 'age']
* dnu_scales: {'dnufit': 1.008205389652182}
* dnusun: 135.1
* freqplots: [True]
* inputfile: input_KIC9635649.xml
* kielplots: []
* nameinplot: 0
* numsun: 3090.0
* output: output/myfit/
* plotfmt: png
* solarmodel: True
* uncert: quantiles

Weights and priors:
* Bayesian weights:
  - Along tracks: age
  - Between tracks: massini, FeHini
* Flat, constrained priors and ranges:
  - Teff: [4658.0, 5198.0]
  - FeH: [-0.214, 0.286]
  - logg: [3.199, 3.253]
  - dnufit: [13.283106008667499, 17.971261070550145]
* Additional priors (IMF): 


Computing likelihood of models in the grid (2893 tracks) ...
Done! Computed the likelihood of 2944 models, found 2944 models with non-zero likelihood!


*****************************************
**                                     **
**   Output and results from the fit   **
**                                     **
*****************************************


Highest likelihood model:
* Weighted, non-normalized log-probability: -13.956732275593478
* Grid-index: grid/tracks/track2041[278], with parameters:
  - Name: track2041-2190.fgong
  - Teff      :  4858.555948 
  - FeH       :     0.016618 
  - logg      :     3.225906 
  - radPhot   :     4.491684 
  - massfin   :     1.236791 
  - age       :  5179.916321 

Lowest chi2 model:
* chi2: 0.3328922466104861
* Grid-index: grid/tracks/track0477[288], with parameters:
  - Name: track0477-2042.fgong
  - Teff      :  4881.412114 
  - FeH       :     0.030745 
  - logg      :     3.228079 
  - radPhot   :     4.694507 
  - massfin   :     1.357783 
  - age       :  3720.809571 


Computing posterior distributions for the requested output parameters!
==> Summary statistics printed below ...

-----------------------------------------------------
median     Teff          :   4868.255334
err_plus   Teff          :     34.647470
err_minus  Teff          :     35.690769
-----------------------------------------------------
median     FeH           :      0.029277
err_plus   FeH           :      0.043694
err_minus  FeH           :      0.048399
-----------------------------------------------------
median     logg          :      3.227887
err_plus   logg          :      0.008785
err_minus  logg          :      0.009260
-----------------------------------------------------
median     radPhot       :      4.583035
err_plus   radPhot       :      0.130189
err_minus  radPhot       :      0.126194
-----------------------------------------------------
median     massfin       :      1.294776
err_plus   massfin       :      0.090010
err_minus  massfin       :      0.091066
-----------------------------------------------------
median     age           :   4409.738709
err_plus   age           :   1324.542434
err_minus  age           :    974.936551
-----------------------------------------------------

Saved results to output/myfit/results.ascii.
Saved corner plot to output/myfit/9635649_corner.png.
Saved figure to output/myfit/9635649_echelle_uncorrected.png
Saved figure to output/myfit/9635649_pairechelle_uncorrected.png
Saved figure to output/myfit/9635649_dupechelle_uncorrected.png
The surface correction coefficients are -4.9691220466855744e-08 -5.4020799114045916e-08
Saved figure to output/myfit/9635649_echelle.png
Saved figure to output/myfit/9635649_pairechelle.png
Saved figure to output/myfit/9635649_dupechelle.png
Saved dictionary to output/myfit/9635649.json

Finished on 2025-05-16 14:32:35 (runtime 12.0 s).

